[2025-10-15 13:09:42] Working dir: /home/runner/work/Unreachable/Unreachable
[2025-10-15 13:09:42] Fetching stations via getStations…
[2025-10-15 13:10:02] Fetching status for 1568 stations (concurrency=20)…
[2025-10-15 13:10:56] Fetching load for 1568 stations (concurrency=20)…
[2025-10-15 13:11:48] Wrote /home/runner/work/Unreachable/Unreachable/alerts_unreachable_gt48.json with 0 alert(s)
[2025-10-15 13:11:48] Wrote /home/runner/work/Unreachable/Unreachable/status_latest_slim.csv with 1,431 rows
[2025-10-15 13:28:51] Working dir: /home/runner/work/Unreachable/Unreachable
[2025-10-15 13:28:51] Fetching stations via getStations…
[2025-10-15 13:29:11] Fetching status for 1568 stations (concurrency=20)…
[2025-10-15 13:30:03] Fetching load for 1568 stations (concurrency=20)…
[2025-10-15 13:30:57] Wrote /home/runner/work/Unreachable/Unreachable/alerts_unreachable_gt48.json with 0 alert(s)
[2025-10-15 13:30:57] Wrote /home/runner/work/Unreachable/Unreachable/status_latest_slim.csv with 1,431 rows
[2025-10-15 13:40:56] Working dir: /home/runner/work/Unreachable/Unreachable
[2025-10-15 13:40:56] Fetching stations via getStations…
[2025-10-15 13:41:22] Fetching status for 1568 stations (concurrency=20)…
[2025-10-15 13:42:17] Fetching load for 1568 stations (concurrency=20)…
[2025-10-15 13:43:08] Wrote /home/runner/work/Unreachable/Unreachable/alerts_unreachable_gt48.json with 0 alert(s)
[2025-10-15 13:43:08] Wrote /home/runner/work/Unreachable/Unreachable/status_latest_slim.csv with 1,431 rows
[2025-11-05 15:45:07] Working dir: /home/runner/work/Unreachable/Unreachable
[2025-11-05 15:45:07] Fetching stations via getStations…
[2025-11-05 15:45:20] Fetching status for 1588 stations (concurrency=20)…
[2025-11-05 15:46:34] Fetching load for 1588 stations (concurrency=20)…
[2025-11-05 15:47:34] HTTP/SOAP error (try 1/3): 502 Server Error: Bad Gateway for url: https://webservices.chargepoint.com/webservices/chargepoint/services/5.1
[2025-11-05 15:47:37] Wrote /home/runner/work/Unreachable/Unreachable/alerts_unreachable_gt48.json with 0 alert(s)
[2025-11-05 15:47:37] Wrote /home/runner/work/Unreachable/Unreachable/status_latest_slim.csv with 1,450 rows
[2025-11-05 17:30:42] Working dir: /home/runner/work/Unreachable/Unreachable
[2025-11-05 17:30:42] Fetching stations via getStations…
[2025-11-05 17:30:57] Fetching status for 1588 stations (concurrency=20)…
[2025-11-05 17:31:56] Fetching load for 1588 stations (concurrency=20)…
[2025-11-05 17:32:49] Wrote /home/runner/work/Unreachable/Unreachable/alerts_unreachable_gt48.json with 0 alert(s)
[2025-11-05 17:32:49] Wrote /home/runner/work/Unreachable/Unreachable/status_latest_slim.csv with 1,450 rows
[2025-11-05 17:39:36] Working dir: /home/runner/work/Unreachable/Unreachable
[2025-11-05 17:39:36] Fetching stations via getStations…
[2025-11-05 17:39:47] Fetching status for 1588 stations (concurrency=20)…
[2025-11-05 17:40:44] Fetching load for 1588 stations (concurrency=20)…
[2025-11-05 17:41:41] Wrote /home/runner/work/Unreachable/Unreachable/alerts_unreachable_gt48.json with 0 alert(s)
[2025-11-05 17:41:41] Wrote /home/runner/work/Unreachable/Unreachable/status_latest_slim.csv with 1,450 rows
[2025-11-06 13:51:40] Working dir: /home/runner/work/Unreachable/Unreachable
[2025-11-06 13:51:40] Fetching stations via getStations…
[2025-11-06 13:52:02] Fetching status for 1588 stations (concurrency=20)…
[2025-11-06 13:53:03] Fetching load for 1588 stations (concurrency=20)…
[2025-11-06 13:53:57] Wrote /home/runner/work/Unreachable/Unreachable/alerts_unreachable_gt48.json with 0 alert(s)
[2025-11-06 13:53:57] Wrote /home/runner/work/Unreachable/Unreachable/status_latest_slim.csv with 1,450 rows
[2025-11-06 20:14:50] Working dir: /home/runner/work/Unreachable/Unreachable
[2025-11-06 20:14:50] Fetching stations via getStations…
[2025-11-06 20:15:12] Fetching status for 1588 stations (concurrency=20)…
[2025-11-06 20:16:29] Fetching load for 1588 stations (concurrency=20)…
[2025-11-06 20:17:29] Wrote /home/runner/work/Unreachable/Unreachable/alerts_unreachable_gt48.json with 0 alert(s)
[2025-11-06 20:17:29] Wrote /home/runner/work/Unreachable/Unreachable/status_latest_slim.csv with 1,450 rows
[2025-11-06 20:20:07] Working dir: /home/runner/work/Unreachable/Unreachable
[2025-11-06 20:20:07] Fetching stations via getStations…
[2025-11-06 20:20:29] Fetching status for 1588 stations (concurrency=20)…
[2025-11-06 20:21:31] Fetching load for 1588 stations (concurrency=20)…
[2025-11-06 20:22:22] Wrote /home/runner/work/Unreachable/Unreachable/alerts_unreachable_gt48.json with 0 alert(s)
[2025-11-06 20:22:22] Wrote /home/runner/work/Unreachable/Unreachable/status_latest_slim.csv with 1,450 rows
[2025-11-07 10:18:11] Working dir: /home/runner/work/Unreachable/Unreachable
[2025-11-07 10:18:11] Fetching stations via getStations…
[2025-11-07 10:18:32] Fetching status for 1588 stations (concurrency=20)…
[2025-11-07 10:19:29] Fetching load for 1588 stations (concurrency=20)…
[2025-11-07 10:20:22] Wrote /home/runner/work/Unreachable/Unreachable/alerts_unreachable_gt48.json with 0 alert(s)
[2025-11-07 10:20:22] Wrote /home/runner/work/Unreachable/Unreachable/status_latest_slim.csv with 1,450 rows
[2025-11-09 10:14:44] Working dir: /home/runner/work/Unreachable/Unreachable
[2025-11-09 10:14:44] Fetching stations via getStations…
[2025-11-09 10:15:07] Fetching status for 1588 stations (concurrency=20)…
[2025-11-09 10:16:19] Fetching load for 1588 stations (concurrency=20)…
[2025-11-09 10:17:12] Wrote /home/runner/work/Unreachable/Unreachable/alerts_unreachable_gt48.json with 0 alert(s)
[2025-11-09 10:17:12] Wrote /home/runner/work/Unreachable/Unreachable/status_latest_slim.csv with 1,450 rows
[2025-11-11 10:18:18] Working dir: /home/runner/work/Unreachable/Unreachable
[2025-11-11 10:18:18] Fetching stations via getStations…
[2025-11-11 10:18:38] Fetching status for 1588 stations (concurrency=20)…
[2025-11-11 10:19:38] Fetching load for 1588 stations (concurrency=20)…
[2025-11-11 10:20:29] Wrote /home/runner/work/Unreachable/Unreachable/alerts_unreachable_gt48.json with 0 alert(s)
[2025-11-11 10:20:29] Wrote /home/runner/work/Unreachable/Unreachable/status_latest_slim.csv with 1,450 rows
[2025-11-13 10:18:53] Working dir: /home/runner/work/Unreachable/Unreachable
[2025-11-13 10:18:53] Fetching stations via getStations…
[2025-11-13 10:19:05] Fetching status for 1588 stations (concurrency=20)…
[2025-11-13 10:19:55] Fetching load for 1588 stations (concurrency=20)…
[2025-11-13 10:20:46] Wrote /home/runner/work/Unreachable/Unreachable/alerts_unreachable_gt48.json with 0 alert(s)
[2025-11-13 10:20:46] Wrote /home/runner/work/Unreachable/Unreachable/status_latest_slim.csv with 1,450 rows
[2025-11-13 20:19:49] Working dir: /home/runner/work/Unreachable/Unreachable
[2025-11-13 20:19:49] Fetching stations via getStations…
[2025-11-13 20:20:01] Fetching status for 1588 stations (concurrency=20)…
[2025-11-13 20:21:26] Fetching load for 1588 stations (concurrency=20)…
[2025-11-13 20:22:20] Wrote /home/runner/work/Unreachable/Unreachable/alerts_unreachable_gt48.json with 0 alert(s)
[2025-11-13 20:22:20] Wrote /home/runner/work/Unreachable/Unreachable/status_latest_slim.csv with 1,450 rows
[2025-11-15 10:15:07] Working dir: /home/runner/work/Unreachable/Unreachable
[2025-11-15 10:15:07] Fetching stations via getStations…
[2025-11-15 10:15:29] Fetching status for 1588 stations (concurrency=20)…
[2025-11-15 10:16:22] Fetching load for 1588 stations (concurrency=20)…
[2025-11-15 10:17:11] Wrote /home/runner/work/Unreachable/Unreachable/alerts_unreachable_gt48.json with 0 alert(s)
[2025-11-15 10:17:11] Wrote /home/runner/work/Unreachable/Unreachable/status_latest_slim.csv with 1,450 rows
[2025-11-17 10:19:07] Working dir: /home/runner/work/Unreachable/Unreachable
[2025-11-17 10:19:07] Fetching stations via getStations…
[2025-11-17 10:19:29] Fetching status for 1588 stations (concurrency=20)…
[2025-11-17 10:20:27] Fetching load for 1588 stations (concurrency=20)…
[2025-11-17 10:21:18] Wrote /home/runner/work/Unreachable/Unreachable/alerts_unreachable_gt48.json with 0 alert(s)
[2025-11-17 10:21:18] Wrote /home/runner/work/Unreachable/Unreachable/status_latest_slim.csv with 1,450 rows
[2025-11-19 10:29:26] Working dir: /home/runner/work/Unreachable/Unreachable
[2025-11-19 10:29:26] Fetching stations via getStations…
[2025-11-19 10:29:46] Fetching status for 1589 stations (concurrency=20)…
[2025-11-19 10:31:02] Fetching load for 1589 stations (concurrency=20)…
[2025-11-19 10:31:52] Wrote /home/runner/work/Unreachable/Unreachable/alerts_unreachable_gt48.json with 0 alert(s)
[2025-11-19 10:31:52] Wrote /home/runner/work/Unreachable/Unreachable/status_latest_slim.csv with 1,451 rows
[2025-11-21 10:17:18] Working dir: /home/runner/work/Unreachable/Unreachable
[2025-11-21 10:17:18] Fetching stations via getStations…
[2025-11-21 10:17:32] Fetching status for 1589 stations (concurrency=20)…
[2025-11-21 10:18:28] Fetching load for 1589 stations (concurrency=20)…
[2025-11-21 10:19:17] Wrote /home/runner/work/Unreachable/Unreachable/alerts_unreachable_gt48.json with 0 alert(s)
[2025-11-21 10:19:17] Wrote /home/runner/work/Unreachable/Unreachable/status_latest_slim.csv with 1,451 rows
[2025-11-23 10:15:33] Working dir: /home/runner/work/Unreachable/Unreachable
[2025-11-23 10:15:33] Fetching stations via getStations…
[2025-11-23 10:15:54] Fetching status for 1589 stations (concurrency=20)…
[2025-11-23 10:16:54] Fetching load for 1589 stations (concurrency=20)…
[2025-11-23 10:17:44] Wrote /home/runner/work/Unreachable/Unreachable/alerts_unreachable_gt48.json with 0 alert(s)
[2025-11-23 10:17:44] Wrote /home/runner/work/Unreachable/Unreachable/status_latest_slim.csv with 1,451 rows
[2025-11-25 10:19:45] Working dir: /home/runner/work/Unreachable/Unreachable
[2025-11-25 10:19:45] Fetching stations via getStations…
[2025-11-25 10:20:07] Fetching status for 1589 stations (concurrency=20)…
[2025-11-25 10:21:05] Fetching load for 1589 stations (concurrency=20)…
[2025-11-25 10:21:54] Wrote /home/runner/work/Unreachable/Unreachable/alerts_unreachable_gt48.json with 0 alert(s)
[2025-11-25 10:21:54] Wrote /home/runner/work/Unreachable/Unreachable/status_latest_slim.csv with 1,451 rows
[2025-11-27 10:18:41] Working dir: /home/runner/work/Unreachable/Unreachable
[2025-11-27 10:18:41] Fetching stations via getStations…
[2025-11-27 10:19:02] Fetching status for 1589 stations (concurrency=20)…
[2025-11-27 10:19:58] Fetching load for 1589 stations (concurrency=20)…
[2025-11-27 10:20:32] HTTP/SOAP error (try 1/3): 502 Server Error: Bad Gateway for url: https://webservices.chargepoint.com/webservices/chargepoint/services/5.1
[2025-11-27 10:20:34] HTTP/SOAP error (try 1/3): 502 Server Error: Bad Gateway for url: https://webservices.chargepoint.com/webservices/chargepoint/services/5.1
[2025-11-27 10:20:34] HTTP/SOAP error (try 1/3): 502 Server Error: Bad Gateway for url: https://webservices.chargepoint.com/webservices/chargepoint/services/5.1
[2025-11-27 10:20:34] HTTP/SOAP error (try 1/3): 502 Server Error: Bad Gateway for url: https://webservices.chargepoint.com/webservices/chargepoint/services/5.1
[2025-11-27 10:20:34] HTTP/SOAP error (try 1/3): 502 Server Error: Bad Gateway for url: https://webservices.chargepoint.com/webservices/chargepoint/services/5.1
[2025-11-27 10:20:35] HTTP/SOAP error (try 1/3): 502 Server Error: Bad Gateway for url: https://webservices.chargepoint.com/webservices/chargepoint/services/5.1
[2025-11-27 10:20:35] HTTP/SOAP error (try 1/3): 502 Server Error: Bad Gateway for url: https://webservices.chargepoint.com/webservices/chargepoint/services/5.1
[2025-11-27 10:20:36] HTTP/SOAP error (try 1/3): 502 Server Error: Bad Gateway for url: https://webservices.chargepoint.com/webservices/chargepoint/services/5.1
[2025-11-27 10:20:36] HTTP/SOAP error (try 2/3): 502 Server Error: Bad Gateway for url: https://webservices.chargepoint.com/webservices/chargepoint/services/5.1
[2025-11-27 10:20:36] HTTP/SOAP error (try 2/3): 502 Server Error: Bad Gateway for url: https://webservices.chargepoint.com/webservices/chargepoint/services/5.1
[2025-11-27 10:20:36] HTTP/SOAP error (try 1/3): 502 Server Error: Bad Gateway for url: https://webservices.chargepoint.com/webservices/chargepoint/services/5.1
[2025-11-27 10:20:54] Wrote /home/runner/work/Unreachable/Unreachable/alerts_unreachable_gt48.json with 0 alert(s)
[2025-11-27 10:20:54] Wrote /home/runner/work/Unreachable/Unreachable/status_latest_slim.csv with 1,451 rows
[2025-11-29 10:16:15] Working dir: /home/runner/work/Unreachable/Unreachable
[2025-11-29 10:16:15] Fetching stations via getStations…
[2025-11-29 10:16:38] Fetching status for 1589 stations (concurrency=20)…
[2025-11-29 10:17:31] Fetching load for 1589 stations (concurrency=20)…
[2025-11-29 10:18:24] Wrote /home/runner/work/Unreachable/Unreachable/alerts_unreachable_gt48.json with 0 alert(s)
[2025-11-29 10:18:24] Wrote /home/runner/work/Unreachable/Unreachable/status_latest_slim.csv with 1,451 rows
[2025-12-01 10:20:14] Working dir: /home/runner/work/Unreachable/Unreachable
[2025-12-01 10:20:14] Fetching stations via getStations…
[2025-12-01 10:20:35] Fetching status for 1589 stations (concurrency=20)…
[2025-12-01 10:21:36] Fetching load for 1589 stations (concurrency=20)…
[2025-12-01 10:22:31] Wrote /home/runner/work/Unreachable/Unreachable/alerts_unreachable_gt48.json with 0 alert(s)
[2025-12-01 10:22:31] Wrote /home/runner/work/Unreachable/Unreachable/status_latest_slim.csv with 1,451 rows
[2025-12-03 10:19:35] Working dir: /home/runner/work/Unreachable/Unreachable
[2025-12-03 10:19:35] Fetching stations via getStations…
[2025-12-03 10:19:55] Fetching status for 1588 stations (concurrency=20)…
[2025-12-03 10:20:59] Fetching load for 1588 stations (concurrency=20)…
[2025-12-03 10:21:55] Wrote /home/runner/work/Unreachable/Unreachable/alerts_unreachable_gt48.json with 0 alert(s)
[2025-12-03 10:21:55] Wrote /home/runner/work/Unreachable/Unreachable/status_latest_slim.csv with 1,450 rows
[2025-12-05 10:18:23] Working dir: /home/runner/work/Unreachable/Unreachable
[2025-12-05 10:18:23] Fetching stations via getStations…
[2025-12-05 10:18:34] Fetching status for 1588 stations (concurrency=20)…
[2025-12-05 10:19:26] Fetching load for 1588 stations (concurrency=20)…
[2025-12-05 10:20:18] Wrote /home/runner/work/Unreachable/Unreachable/alerts_unreachable_gt48.json with 0 alert(s)
[2025-12-05 10:20:18] Wrote /home/runner/work/Unreachable/Unreachable/status_latest_slim.csv with 1,450 rows
[2025-12-07 10:15:14] Working dir: /home/runner/work/Unreachable/Unreachable
[2025-12-07 10:15:14] Fetching stations via getStations…
[2025-12-07 10:15:37] Fetching status for 1588 stations (concurrency=20)…
[2025-12-07 10:16:43] Fetching load for 1588 stations (concurrency=20)…
[2025-12-07 10:17:37] Wrote /home/runner/work/Unreachable/Unreachable/alerts_unreachable_gt48.json with 0 alert(s)
[2025-12-07 10:17:37] Wrote /home/runner/work/Unreachable/Unreachable/status_latest_slim.csv with 1,450 rows
[2025-12-09 10:20:29] Working dir: /home/runner/work/Unreachable/Unreachable
[2025-12-09 10:20:29] Fetching stations via getStations…
[2025-12-09 10:20:43] Fetching status for 1585 stations (concurrency=20)…
[2025-12-09 10:21:40] Fetching load for 1585 stations (concurrency=20)…
[2025-12-09 10:22:52] Wrote /home/runner/work/Unreachable/Unreachable/alerts_unreachable_gt48.json with 0 alert(s)
[2025-12-09 10:22:52] Wrote /home/runner/work/Unreachable/Unreachable/status_latest_slim.csv with 1,450 rows
[2025-12-11 10:20:22] Working dir: /home/runner/work/Unreachable/Unreachable
[2025-12-11 10:20:22] Fetching stations via getStations…
[2025-12-11 10:20:37] Fetching status for 1585 stations (concurrency=20)…
[2025-12-11 10:21:42] Fetching load for 1585 stations (concurrency=20)…
[2025-12-11 10:22:35] Wrote /home/runner/work/Unreachable/Unreachable/alerts_unreachable_gt48.json with 0 alert(s)
[2025-12-11 10:22:35] Wrote /home/runner/work/Unreachable/Unreachable/status_latest_slim.csv with 1,450 rows
[2025-12-13 10:16:10] Working dir: /home/runner/work/Unreachable/Unreachable
[2025-12-13 10:16:10] Fetching stations via getStations…
[2025-12-13 10:16:23] Fetching status for 1589 stations (concurrency=20)…
[2025-12-13 10:17:16] Fetching load for 1589 stations (concurrency=20)…
[2025-12-13 10:18:07] Wrote /home/runner/work/Unreachable/Unreachable/alerts_unreachable_gt48.json with 0 alert(s)
[2025-12-13 10:18:07] Wrote /home/runner/work/Unreachable/Unreachable/status_latest_slim.csv with 1,454 rows
[2025-12-15 10:21:33] Working dir: /home/runner/work/Unreachable/Unreachable
[2025-12-15 10:21:33] Fetching stations via getStations…
[2025-12-15 10:21:54] Fetching status for 1589 stations (concurrency=20)…
[2025-12-15 10:22:50] Fetching load for 1589 stations (concurrency=20)…
[2025-12-15 10:23:43] Wrote /home/runner/work/Unreachable/Unreachable/alerts_unreachable_gt48.json with 0 alert(s)
[2025-12-15 10:23:43] Wrote /home/runner/work/Unreachable/Unreachable/status_latest_slim.csv with 1,454 rows
[2025-12-17 10:20:02] Working dir: /home/runner/work/Unreachable/Unreachable
[2025-12-17 10:20:02] Fetching stations via getStations…
[2025-12-17 10:20:15] Fetching status for 1593 stations (concurrency=20)…
[2025-12-17 10:21:11] Fetching load for 1593 stations (concurrency=20)…
[2025-12-17 10:22:04] Wrote /home/runner/work/Unreachable/Unreachable/alerts_unreachable_gt48.json with 0 alert(s)
[2025-12-17 10:22:04] Wrote /home/runner/work/Unreachable/Unreachable/status_latest_slim.csv with 1,457 rows
[2025-12-19 10:18:32] Working dir: /home/runner/work/Unreachable/Unreachable
[2025-12-19 10:18:32] Fetching stations via getStations…
[2025-12-19 10:18:54] Fetching status for 1592 stations (concurrency=20)…
[2025-12-19 10:19:54] Fetching load for 1592 stations (concurrency=20)…
[2025-12-19 10:20:52] Wrote /home/runner/work/Unreachable/Unreachable/alerts_unreachable_gt48.json with 0 alert(s)
[2025-12-19 10:20:52] Wrote /home/runner/work/Unreachable/Unreachable/status_latest_slim.csv with 1,456 rows
[2025-12-21 10:16:43] Working dir: /home/runner/work/Unreachable/Unreachable
[2025-12-21 10:16:43] Fetching stations via getStations…
[2025-12-21 10:17:03] Fetching status for 1594 stations (concurrency=20)…
[2025-12-21 10:17:53] Fetching load for 1594 stations (concurrency=20)…
[2025-12-21 10:18:39] Wrote /home/runner/work/Unreachable/Unreachable/alerts_unreachable_gt48.json with 0 alert(s)
[2025-12-21 10:18:39] Wrote /home/runner/work/Unreachable/Unreachable/status_latest_slim.csv with 1,458 rows
[2025-12-23 10:19:21] Working dir: /home/runner/work/Unreachable/Unreachable
[2025-12-23 10:19:21] Fetching stations via getStations…
[2025-12-23 10:19:42] Fetching status for 1594 stations (concurrency=20)…
[2025-12-23 10:20:37] Fetching load for 1594 stations (concurrency=20)…
[2025-12-23 10:21:29] Wrote /home/runner/work/Unreachable/Unreachable/alerts_unreachable_gt48.json with 0 alert(s)
[2025-12-23 10:21:29] Wrote /home/runner/work/Unreachable/Unreachable/status_latest_slim.csv with 1,458 rows
[2025-12-25 10:18:17] Working dir: /home/runner/work/Unreachable/Unreachable
[2025-12-25 10:18:17] Fetching stations via getStations…
[2025-12-25 10:18:39] Fetching status for 1594 stations (concurrency=20)…
[2025-12-25 10:19:33] Fetching load for 1594 stations (concurrency=20)…
[2025-12-25 10:20:30] Wrote /home/runner/work/Unreachable/Unreachable/alerts_unreachable_gt48.json with 0 alert(s)
[2025-12-25 10:20:30] Wrote /home/runner/work/Unreachable/Unreachable/status_latest_slim.csv with 1,458 rows
[2025-12-27 10:16:35] Working dir: /home/runner/work/Unreachable/Unreachable
[2025-12-27 10:16:35] Fetching stations via getStations…
[2025-12-27 10:16:54] Fetching status for 1594 stations (concurrency=20)…
[2025-12-27 10:17:56] Fetching load for 1594 stations (concurrency=20)…
[2025-12-27 10:18:51] Wrote /home/runner/work/Unreachable/Unreachable/alerts_unreachable_gt48.json with 0 alert(s)
[2025-12-27 10:18:51] Wrote /home/runner/work/Unreachable/Unreachable/status_latest_slim.csv with 1,458 rows
[2025-12-29 10:19:26] Working dir: /home/runner/work/Unreachable/Unreachable
[2025-12-29 10:19:26] Fetching stations via getStations…
[2025-12-29 10:19:47] Fetching status for 1594 stations (concurrency=20)…
[2025-12-29 10:20:45] Fetching load for 1594 stations (concurrency=20)…
[2025-12-29 10:21:39] Wrote /home/runner/work/Unreachable/Unreachable/alerts_unreachable_gt48.json with 0 alert(s)
[2025-12-29 10:21:39] Wrote /home/runner/work/Unreachable/Unreachable/status_latest_slim.csv with 1,458 rows
[2025-12-31 10:18:18] Working dir: /home/runner/work/Unreachable/Unreachable
[2025-12-31 10:18:18] Fetching stations via getStations…
[2025-12-31 10:18:39] Fetching status for 1593 stations (concurrency=20)…
[2025-12-31 10:19:28] Fetching load for 1593 stations (concurrency=20)…
[2025-12-31 10:20:17] Wrote /home/runner/work/Unreachable/Unreachable/alerts_unreachable_gt48.json with 0 alert(s)
[2025-12-31 10:20:17] Wrote /home/runner/work/Unreachable/Unreachable/status_latest_slim.csv with 1,457 rows
[2026-01-01 10:19:10] Working dir: /home/runner/work/Unreachable/Unreachable
[2026-01-01 10:19:10] Fetching stations via getStations…
[2026-01-01 10:19:31] Fetching status for 1593 stations (concurrency=20)…
[2026-01-01 10:20:23] Fetching load for 1593 stations (concurrency=20)…
[2026-01-01 10:21:17] Wrote /home/runner/work/Unreachable/Unreachable/alerts_unreachable_gt48.json with 0 alert(s)
[2026-01-01 10:21:17] Wrote /home/runner/work/Unreachable/Unreachable/status_latest_slim.csv with 1,457 rows
[2026-01-02 07:37:45] Working dir: /home/runner/work/Unreachable/Unreachable
[2026-01-02 07:37:45] Fetching stations via getStations…
[2026-01-02 07:38:08] Fetching status for 1593 stations (concurrency=20)…
[2026-01-02 07:39:01] Fetching load for 1593 stations (concurrency=20)…
[2026-01-02 07:39:47] Wrote /home/runner/work/Unreachable/Unreachable/alerts_unreachable_gt48.json with 0 alert(s)
[2026-01-02 07:39:47] Wrote /home/runner/work/Unreachable/Unreachable/status_latest_slim.csv with 1,457 rows
[2026-01-03 10:17:03] Working dir: /home/runner/work/Unreachable/Unreachable
[2026-01-03 10:17:03] Fetching stations via getStations…
[2026-01-03 10:17:15] Fetching status for 1593 stations (concurrency=20)…
[2026-01-03 10:18:06] Fetching load for 1593 stations (concurrency=20)…
[2026-01-03 10:18:53] Wrote /home/runner/work/Unreachable/Unreachable/alerts_unreachable_gt48.json with 0 alert(s)
[2026-01-03 10:18:53] Wrote /home/runner/work/Unreachable/Unreachable/status_latest_slim.csv with 1,457 rows
[2026-01-05 10:20:58] Working dir: /home/runner/work/Unreachable/Unreachable
[2026-01-05 10:20:58] Fetching stations via getStations…
[2026-01-05 10:21:11] Fetching status for 1593 stations (concurrency=20)…
[2026-01-05 10:22:06] Fetching load for 1593 stations (concurrency=20)…
[2026-01-05 10:23:01] Wrote /home/runner/work/Unreachable/Unreachable/alerts_unreachable_gt48.json with 0 alert(s)
[2026-01-05 10:23:01] Wrote /home/runner/work/Unreachable/Unreachable/status_latest_slim.csv with 1,457 rows
[2026-01-07 10:20:35] Working dir: /home/runner/work/Unreachable/Unreachable
[2026-01-07 10:20:35] Fetching stations via getStations…
[2026-01-07 10:20:48] Fetching status for 1593 stations (concurrency=20)…
[2026-01-07 10:21:46] Fetching load for 1593 stations (concurrency=20)…
[2026-01-07 10:22:37] Wrote /home/runner/work/Unreachable/Unreachable/alerts_unreachable_gt48.json with 0 alert(s)
[2026-01-07 10:22:37] Wrote /home/runner/work/Unreachable/Unreachable/status_latest_slim.csv with 1,457 rows
[2026-01-08 17:48:18] Working dir: /home/runner/work/Unreachable/Unreachable
[2026-01-08 17:48:18] Fetching stations via getStations…
[2026-01-08 17:48:32] Fetching status for 1595 stations (concurrency=20)…
[2026-01-08 17:49:41] Fetching load for 1595 stations (concurrency=20)…
[2026-01-08 17:51:04] Wrote /home/runner/work/Unreachable/Unreachable/alerts_unreachable_gt48.json with 0 alert(s)
[2026-01-08 17:51:04] Wrote /home/runner/work/Unreachable/Unreachable/status_latest_slim.csv with 1,459 rows
[2026-01-09 10:19:03] Working dir: /home/runner/work/Unreachable/Unreachable
[2026-01-09 10:19:03] Fetching stations via getStations…
[2026-01-09 10:19:17] Fetching status for 1595 stations (concurrency=20)…
[2026-01-09 10:20:27] Fetching load for 1595 stations (concurrency=20)…
[2026-01-09 10:21:39] Wrote /home/runner/work/Unreachable/Unreachable/alerts_unreachable_gt48.json with 0 alert(s)
[2026-01-09 10:21:40] Wrote /home/runner/work/Unreachable/Unreachable/status_latest_slim.csv with 1,459 rows
[2026-01-11 10:17:40] Working dir: /home/runner/work/Unreachable/Unreachable
[2026-01-11 10:17:40] Fetching stations via getStations…
[2026-01-11 10:18:02] Fetching status for 1594 stations (concurrency=20)…
[2026-01-11 10:19:06] Fetching load for 1594 stations (concurrency=20)…
[2026-01-11 10:20:01] Wrote /home/runner/work/Unreachable/Unreachable/alerts_unreachable_gt48.json with 0 alert(s)
[2026-01-11 10:20:01] Wrote /home/runner/work/Unreachable/Unreachable/status_latest_slim.csv with 1,458 rows
[2026-01-13 10:20:15] Working dir: /home/runner/work/Unreachable/Unreachable
[2026-01-13 10:20:15] Fetching stations via getStations…
[2026-01-13 10:20:32] Fetching status for 1596 stations (concurrency=20)…
[2026-01-13 10:21:28] Fetching load for 1596 stations (concurrency=20)…
[2026-01-13 10:22:19] Wrote /home/runner/work/Unreachable/Unreachable/alerts_unreachable_gt48.json with 0 alert(s)
[2026-01-13 10:22:19] Wrote /home/runner/work/Unreachable/Unreachable/status_latest_slim.csv with 1,459 rows
[2026-01-15 10:20:25] Working dir: /home/runner/work/Unreachable/Unreachable
[2026-01-15 10:20:25] Fetching stations via getStations…
[2026-01-15 10:20:36] Fetching status for 1599 stations (concurrency=20)…
[2026-01-15 10:21:28] Fetching load for 1599 stations (concurrency=20)…
[2026-01-15 10:22:22] Wrote /home/runner/work/Unreachable/Unreachable/alerts_unreachable_gt48.json with 0 alert(s)
[2026-01-15 10:22:22] Wrote /home/runner/work/Unreachable/Unreachable/status_latest_slim.csv with 1,461 rows
[2026-01-16 20:33:40] Working dir: /home/runner/work/Unreachable/Unreachable
[2026-01-16 20:33:40] Fetching stations via getStations…
[2026-01-16 20:33:55] Fetching status for 1599 stations (concurrency=20)…
[2026-01-16 20:34:53] Fetching load for 1599 stations (concurrency=20)…
[2026-01-16 20:35:41] Wrote /home/runner/work/Unreachable/Unreachable/alerts_unreachable_gt48.json with 0 alert(s)
[2026-01-16 20:35:41] Wrote /home/runner/work/Unreachable/Unreachable/status_latest_slim.csv with 1,461 rows
[2026-01-17 10:17:24] Working dir: /home/runner/work/Unreachable/Unreachable
[2026-01-17 10:17:24] Fetching stations via getStations…
[2026-01-17 10:17:43] Fetching status for 1599 stations (concurrency=20)…
[2026-01-17 10:18:07] HTTP/SOAP error (try 1/3): ('Connection aborted.', RemoteDisconnected('Remote end closed connection without response'))
[2026-01-17 10:18:36] Fetching load for 1599 stations (concurrency=20)…
[2026-01-17 10:19:29] Wrote /home/runner/work/Unreachable/Unreachable/alerts_unreachable_gt48.json with 0 alert(s)
[2026-01-17 10:19:29] Wrote /home/runner/work/Unreachable/Unreachable/status_latest_slim.csv with 1,461 rows
[2026-01-19 10:23:53] Working dir: /home/runner/work/Unreachable/Unreachable
[2026-01-19 10:23:53] Fetching stations via getStations…
[2026-01-19 10:24:09] Fetching status for 1599 stations (concurrency=20)…
[2026-01-19 10:25:07] Fetching load for 1599 stations (concurrency=20)…
[2026-01-19 10:25:59] Wrote /home/runner/work/Unreachable/Unreachable/alerts_unreachable_gt48.json with 0 alert(s)
[2026-01-19 10:25:59] Wrote /home/runner/work/Unreachable/Unreachable/status_latest_slim.csv with 1,461 rows
[2026-01-21 10:23:41] Working dir: /home/runner/work/Unreachable/Unreachable
[2026-01-21 10:23:41] Fetching stations via getStations…
[2026-01-21 10:23:52] Fetching status for 1599 stations (concurrency=20)…
[2026-01-21 10:24:51] Fetching load for 1599 stations (concurrency=20)…
[2026-01-21 10:25:51] Wrote /home/runner/work/Unreachable/Unreachable/alerts_unreachable_gt48.json with 0 alert(s)
[2026-01-21 10:25:51] Wrote /home/runner/work/Unreachable/Unreachable/status_latest_slim.csv with 1,461 rows
[2026-01-23 10:20:39] Working dir: /home/runner/work/Unreachable/Unreachable
[2026-01-23 10:20:39] Fetching stations via getStations…
[2026-01-23 10:20:52] Fetching status for 1596 stations (concurrency=20)…
[2026-01-23 10:21:49] Fetching load for 1596 stations (concurrency=20)…
[2026-01-23 10:22:44] Wrote /home/runner/work/Unreachable/Unreachable/alerts_unreachable_gt48.json with 0 alert(s)
[2026-01-23 10:22:44] Wrote /home/runner/work/Unreachable/Unreachable/status_latest_slim.csv with 1,459 rows
[2026-01-25 10:18:22] Working dir: /home/runner/work/Unreachable/Unreachable
[2026-01-25 10:18:22] Fetching stations via getStations…
[2026-01-25 10:18:42] Fetching status for 1596 stations (concurrency=20)…
[2026-01-25 10:19:40] Fetching load for 1596 stations (concurrency=20)…
[2026-01-25 10:20:33] Wrote /home/runner/work/Unreachable/Unreachable/alerts_unreachable_gt48.json with 0 alert(s)
[2026-01-25 10:20:33] Wrote /home/runner/work/Unreachable/Unreachable/status_latest_slim.csv with 1,459 rows
[2026-01-27 10:23:30] Working dir: /home/runner/work/Unreachable/Unreachable
[2026-01-27 10:23:30] Fetching stations via getStations…
[2026-01-27 10:23:42] Fetching status for 1596 stations (concurrency=20)…
[2026-01-27 10:24:35] Fetching load for 1596 stations (concurrency=20)…
[2026-01-27 10:25:23] Wrote /home/runner/work/Unreachable/Unreachable/alerts_unreachable_gt48.json with 0 alert(s)
[2026-01-27 10:25:23] Wrote /home/runner/work/Unreachable/Unreachable/status_latest_slim.csv with 1,459 rows
[2026-01-29 10:32:47] Working dir: /home/runner/work/Unreachable/Unreachable
[2026-01-29 10:32:47] Fetching stations via getStations…
[2026-01-29 10:33:00] Fetching status for 1595 stations (concurrency=20)…
[2026-01-29 10:33:31] Fetching load for 1595 stations (concurrency=20)…
[2026-01-29 10:33:58] Wrote /home/runner/work/Unreachable/Unreachable/alerts_unreachable_gt48.json with 0 alert(s)
[2026-01-29 10:33:58] Wrote /home/runner/work/Unreachable/Unreachable/status_latest_slim.csv with 1,459 rows
[2026-01-31 10:19:58] Working dir: /home/runner/work/Unreachable/Unreachable
[2026-01-31 10:19:58] Fetching stations via getStations…
[2026-01-31 10:20:14] Fetching status for 1598 stations (concurrency=20)…
[2026-01-31 10:20:42] Fetching load for 1598 stations (concurrency=20)…
[2026-01-31 10:21:12] Wrote /home/runner/work/Unreachable/Unreachable/alerts_unreachable_gt48.json with 0 alert(s)
[2026-01-31 10:21:12] Wrote /home/runner/work/Unreachable/Unreachable/status_latest_slim.csv with 1,462 rows
[2026-02-01 10:21:04] Working dir: /home/runner/work/Unreachable/Unreachable
[2026-02-01 10:21:04] Fetching stations via getStations…
[2026-02-01 10:21:16] Fetching status for 1598 stations (concurrency=20)…
[2026-02-01 10:21:48] Fetching load for 1598 stations (concurrency=20)…
[2026-02-01 10:22:10] Wrote /home/runner/work/Unreachable/Unreachable/alerts_unreachable_gt48.json with 0 alert(s)
[2026-02-01 10:22:10] Wrote /home/runner/work/Unreachable/Unreachable/status_latest_slim.csv with 1,462 rows
[2026-02-03 10:35:38] Working dir: /home/runner/work/Unreachable/Unreachable
[2026-02-03 10:35:38] Fetching stations via getStations…
[2026-02-03 10:35:51] Fetching status for 1598 stations (concurrency=20)…
[2026-02-03 10:36:25] Fetching load for 1598 stations (concurrency=20)…
[2026-02-03 10:36:50] Wrote /home/runner/work/Unreachable/Unreachable/alerts_unreachable_gt48.json with 0 alert(s)
[2026-02-03 10:36:50] Wrote /home/runner/work/Unreachable/Unreachable/status_latest_slim.csv with 1,462 rows
[2026-02-05 10:36:34] Working dir: /home/runner/work/Unreachable/Unreachable
[2026-02-05 10:36:34] Fetching stations via getStations…
[2026-02-05 10:36:48] Fetching status for 1603 stations (concurrency=20)…
[2026-02-05 10:37:19] Fetching load for 1603 stations (concurrency=20)…
[2026-02-05 10:37:49] Wrote /home/runner/work/Unreachable/Unreachable/alerts_unreachable_gt48.json with 0 alert(s)
[2026-02-05 10:37:49] Wrote /home/runner/work/Unreachable/Unreachable/status_latest_slim.csv with 1,466 rows
[2026-02-07 10:21:17] Working dir: /home/runner/work/Unreachable/Unreachable
[2026-02-07 10:21:17] Fetching stations via getStations…
[2026-02-07 10:21:30] Fetching status for 1603 stations (concurrency=20)…
[2026-02-07 10:22:01] Fetching load for 1603 stations (concurrency=20)…
[2026-02-07 10:22:32] Wrote /home/runner/work/Unreachable/Unreachable/alerts_unreachable_gt48.json with 0 alert(s)
[2026-02-07 10:22:32] Wrote /home/runner/work/Unreachable/Unreachable/status_latest_slim.csv with 1,466 rows
[2026-02-09 10:52:52] Working dir: /home/runner/work/Unreachable/Unreachable
[2026-02-09 10:52:52] Fetching stations via getStations…
[2026-02-09 10:53:03] Fetching status for 1603 stations (concurrency=20)…
[2026-02-09 10:53:34] Fetching load for 1603 stations (concurrency=20)…
[2026-02-09 10:53:58] Wrote /home/runner/work/Unreachable/Unreachable/alerts_unreachable_gt48.json with 0 alert(s)
[2026-02-09 10:53:58] Wrote /home/runner/work/Unreachable/Unreachable/status_latest_slim.csv with 1,466 rows
[2026-02-09 13:43:45] Working dir: /home/runner/work/Unreachable/Unreachable
[2026-02-09 13:43:45] Fetching stations via getStations…
[2026-02-09 13:44:02] Fetching status for 1603 stations (concurrency=20)…
[2026-02-09 13:44:36] Fetching load for 1603 stations (concurrency=20)…
[2026-02-09 13:44:45] HTTP/SOAP error (try 1/3): 502 Server Error: Bad Gateway for url: https://webservices.chargepoint.com/webservices/chargepoint/services/5.1
[2026-02-09 13:45:01] Wrote /home/runner/work/Unreachable/Unreachable/alerts_unreachable_gt48.json with 0 alert(s)
[2026-02-09 13:45:01] Wrote /home/runner/work/Unreachable/Unreachable/unreachable_event_counts.csv with 1,616 rows
[2026-02-09 13:45:01] Wrote /home/runner/work/Unreachable/Unreachable/status_latest_slim.csv with 1,466 rows
[2026-02-09 14:13:07] Working dir: /home/runner/work/Unreachable/Unreachable
[2026-02-09 14:13:07] Fetching stations via getStations…
[2026-02-09 14:13:19] Fetching status for 1603 stations (concurrency=20)…
[2026-02-09 14:13:50] Fetching load for 1603 stations (concurrency=20)…
[2026-02-09 14:14:18] Wrote /home/runner/work/Unreachable/Unreachable/alerts_unreachable_gt48.json with 0 alert(s)
[2026-02-09 14:14:18] Wrote /home/runner/work/Unreachable/Unreachable/unreachable_event_counts.csv with 1,616 rows
[2026-02-09 14:14:18] Wrote /home/runner/work/Unreachable/Unreachable/status_latest_slim.csv with 1,466 rows
[2026-02-09 15:09:19] Working dir: /home/runner/work/Unreachable/Unreachable
[2026-02-09 15:09:19] Fetching stations via getStations…
[2026-02-09 15:09:32] Fetching status for 1603 stations (concurrency=20)…
[2026-02-09 15:10:10] Fetching load for 1603 stations (concurrency=20)…
[2026-02-09 15:10:36] Wrote /home/runner/work/Unreachable/Unreachable/alerts_unreachable_gt48.json with 190 alert(s)
[2026-02-09 15:10:36] Wrote /home/runner/work/Unreachable/Unreachable/unreachable_event_counts.csv with 1,616 rows
[2026-02-09 15:10:36] Wrote /home/runner/work/Unreachable/Unreachable/status_latest_slim.csv with 1,466 rows
[2026-02-09 15:12:08] Working dir: /home/runner/work/Unreachable/Unreachable
[2026-02-09 15:12:08] Fetching stations via getStations…
[2026-02-09 15:12:26] Fetching status for 1603 stations (concurrency=20)…
[2026-02-09 15:13:00] Fetching load for 1603 stations (concurrency=20)…
[2026-02-09 15:13:31] Wrote /home/runner/work/Unreachable/Unreachable/alerts_unreachable_gt48.json with 190 alert(s)
[2026-02-09 15:13:31] Wrote /home/runner/work/Unreachable/Unreachable/unreachable_event_counts.csv with 1,616 rows
[2026-02-09 15:13:31] Wrote /home/runner/work/Unreachable/Unreachable/status_latest_slim.csv with 1,466 rows
[2026-02-09 17:26:36] Working dir: /home/runner/work/Unreachable/Unreachable
[2026-02-09 17:26:36] Fetching stations via getStations…
[2026-02-09 17:26:49] Fetching status for 1603 stations (concurrency=20)…
[2026-02-09 17:27:26] Fetching load for 1603 stations (concurrency=20)…
[2026-02-09 17:27:58] Wrote /home/runner/work/Unreachable/Unreachable/alerts_unreachable_gt48.json with 189 alert(s)
[2026-02-09 17:27:58] Wrote /home/runner/work/Unreachable/Unreachable/unreachable_event_counts.csv with 1,616 rows
[2026-02-09 17:27:58] Wrote /home/runner/work/Unreachable/Unreachable/status_latest_slim.csv with 1,466 rows
[2026-02-09 17:49:27] Working dir: /home/runner/work/Unreachable/Unreachable
[2026-02-09 17:49:27] Fetching stations via getStations…
[2026-02-09 17:49:41] Fetching status for 1603 stations (concurrency=20)…
[2026-02-09 17:50:20] Fetching load for 1603 stations (concurrency=20)…
[2026-02-09 17:51:02] Wrote /home/runner/work/Unreachable/Unreachable/alerts_unreachable_gt48.json with 189 alert(s)
[2026-02-09 17:51:02] Wrote /home/runner/work/Unreachable/Unreachable/unreachable_event_counts.csv with 1,616 rows
[2026-02-09 17:51:02] Wrote /home/runner/work/Unreachable/Unreachable/status_latest_slim.csv with 1,466 rows
[2026-02-09 17:57:58] Working dir: /home/runner/work/Unreachable/Unreachable
[2026-02-09 17:57:58] Fetching stations via getStations…
[2026-02-09 17:58:22] Fetching status for 1603 stations (concurrency=20)…
[2026-02-09 17:59:10] Fetching load for 1603 stations (concurrency=20)…
[2026-02-09 17:59:50] Wrote /home/runner/work/Unreachable/Unreachable/alerts_unreachable_gt48.json with 189 alert(s)
[2026-02-09 17:59:50] Wrote /home/runner/work/Unreachable/Unreachable/unreachable_event_counts.csv with 1,616 rows
[2026-02-09 17:59:50] Wrote /home/runner/work/Unreachable/Unreachable/status_latest_slim.csv with 1,466 rows
[2026-02-09 18:02:28] Working dir: /home/runner/work/Unreachable/Unreachable
[2026-02-09 18:02:28] Fetching stations via getStations…
[2026-02-09 18:02:40] Fetching status for 1603 stations (concurrency=20)…
[2026-02-09 18:03:17] Fetching load for 1603 stations (concurrency=20)…
[2026-02-09 18:03:44] Wrote /home/runner/work/Unreachable/Unreachable/alerts_unreachable_gt48.json with 189 alert(s)
[2026-02-09 18:03:44] Wrote /home/runner/work/Unreachable/Unreachable/unreachable_event_counts.csv with 1,616 rows
[2026-02-09 18:03:44] Wrote /home/runner/work/Unreachable/Unreachable/status_latest_slim.csv with 1,466 rows
